<?xml version="1.0" encoding="UTF-8"?>
<!-- Generated by org.testng.reporters.JUnitReportReporter -->
<testsuite skipped="0" hostname="LAPTOP-US2VOR9N" name="com_Adv_sel_pages.DemoB" tests="1" failures="0" timestamp="26 Nov 2020 05:21:50 GMT" time="14.102" errors="0">
  <testcase name="Testb" time="14.102" classname="com_Adv_sel_pages.DemoB"/>
</testsuite> <!-- com_Adv_sel_pages.DemoB -->
