<?xml version="1.0" encoding="UTF-8"?>
<!-- Generated by org.testng.reporters.JUnitReportReporter -->
<testsuite skipped="0" hostname="LAPTOP-US2VOR9N" name="com_Adv_sel_pages.Demo3" tests="1" failures="0" timestamp="25 Nov 2020 06:28:44 GMT" time="1.141" errors="0">
  <testcase name="TestA" time="1.141" classname="com_Adv_sel_pages.Demo3"/>
</testsuite> <!-- com_Adv_sel_pages.Demo3 -->
