<?xml version="1.0" encoding="UTF-8"?>
<!-- Generated by org.testng.reporters.JUnitReportReporter -->
<testsuite skipped="0" hostname="LAPTOP-US2VOR9N" name="com_Adv_sel_pages.facebook" tests="1" failures="0" timestamp="27 Nov 2020 05:02:47 GMT" time="84.184" errors="0">
  <testcase name="fb" time="84.184" classname="com_Adv_sel_pages.facebook"/>
</testsuite> <!-- com_Adv_sel_pages.facebook -->
