<?xml version="1.0" encoding="UTF-8"?>
<!-- Generated by org.testng.reporters.JUnitReportReporter -->
<testsuite skipped="0" hostname="LAPTOP-US2VOR9N" name="com_Adv_sel_pages.SvgDemo" tests="1" failures="0" timestamp="23 Nov 2020 06:50:33 GMT" time="33.486" errors="0">
  <testcase name="samplePage2" time="33.486" classname="com_Adv_sel_pages.SvgDemo"/>
</testsuite> <!-- com_Adv_sel_pages.SvgDemo -->
