<?xml version="1.0" encoding="UTF-8"?>
<!-- Generated by org.testng.reporters.JUnitReportReporter -->
<testsuite skipped="0" hostname="LAPTOP-US2VOR9N" name="com_Adv_sel_pages.Demo1" tests="1" failures="0" timestamp="20 Nov 2020 07:44:07 GMT" time="38.483" errors="0">
  <testcase name="Testa" time="38.483" classname="com_Adv_sel_pages.Demo1"/>
</testsuite> <!-- com_Adv_sel_pages.Demo1 -->
