<?xml version="1.0" encoding="UTF-8"?>
<!-- Generated by org.testng.reporters.JUnitReportReporter -->
<testsuite skipped="0" hostname="LAPTOP-US2VOR9N" name="com_Adv_sel_Test.DemoA" tests="1" failures="0" timestamp="30 Nov 2020 06:33:23 GMT" time="28.669" errors="0">
  <testcase name="TestA" time="28.669" classname="com_Adv_sel_Test.DemoA"/>
</testsuite> <!-- com_Adv_sel_Test.DemoA -->
