<?xml version="1.0" encoding="UTF-8"?>
<!-- Generated by org.testng.reporters.JUnitReportReporter -->
<testsuite skipped="0" hostname="LAPTOP-US2VOR9N" name="com_Adv_sel_pages.Demo" tests="2" failures="0" timestamp="20 Nov 2020 06:16:15 GMT" time="86.243" errors="0">
  <testcase name="test" time="0.007" classname="com_Adv_sel_pages.Demo"/>
  <testcase name="demo" time="86.236" classname="com_Adv_sel_pages.Demo"/>
</testsuite> <!-- com_Adv_sel_pages.Demo -->
