<?xml version="1.0" encoding="UTF-8"?>
<!-- Generated by org.testng.reporters.JUnitReportReporter -->
<testsuite skipped="0" hostname="LAPTOP-US2VOR9N" name="com_Adv_sel_pages.Demo2" tests="1" failures="0" timestamp="23 Nov 2020 06:37:22 GMT" time="27.963" errors="0">
  <testcase name="samplePage" time="27.963" classname="com_Adv_sel_pages.Demo2"/>
</testsuite> <!-- com_Adv_sel_pages.Demo2 -->
