<?xml version="1.0" encoding="UTF-8"?>
<!-- Generated by org.testng.reporters.JUnitReportReporter -->
<testsuite skipped="0" hostname="LAPTOP-US2VOR9N" name="com_Adv_sel_pages.DemoA" tests="1" failures="0" timestamp="25 Nov 2020 11:53:49 GMT" time="36.038" errors="0">
  <testcase name="TestA" time="36.038" classname="com_Adv_sel_pages.DemoA"/>
</testsuite> <!-- com_Adv_sel_pages.DemoA -->
