<?xml version="1.0" encoding="UTF-8"?>
<!-- Generated by org.testng.reporters.JUnitReportReporter -->
<testsuite skipped="0" hostname="LAPTOP-US2VOR9N" name="com_Adv_sel_Test.test1" tests="1" failures="0" timestamp="19 Nov 2020 06:04:00 GMT" time="114.375" errors="0">
  <testcase name="demo" time="114.375" classname="com_Adv_sel_Test.test1"/>
</testsuite> <!-- com_Adv_sel_Test.test1 -->
